INFO:example:Ingesting README.md in vectorDB
[nltk_data] Downloading package punkt to /root/nltk_data...
[nltk_data]   Unzipping tokenizers/punkt.zip.
[nltk_data] Downloading package averaged_perceptron_tagger to
[nltk_data]     /root/nltk_data...
[nltk_data]   Unzipping taggers/averaged_perceptron_tagger.zip.
INFO:unstructured:Reading document from string ...
INFO:unstructured:Reading document ...
INFO:unstructured:HTML element instance has no attribute type
INFO:unstructured:HTML element instance has no attribute type
INFO:unstructured:HTML element instance has no attribute type
INFO:unstructured:HTML element instance has no attribute type
INFO:unstructured:HTML element instance has no attribute type
INFO:unstructured:HTML element instance has no attribute type
INFO:unstructured:HTML element instance has no attribute type
INFO:unstructured:HTML element instance has no attribute type
INFO:unstructured:HTML element instance has no attribute type
INFO:unstructured:HTML element instance has no attribute type
INFO:unstructured:HTML element instance has no attribute type
INFO:RetrievalAugmentedGeneration.common.utils:Using milvus as vector store
INFO:RetrievalAugmentedGeneration.common.utils:Using milvus collection: nvidia_api_catalog
DEBUG:pymilvus.milvus_client.milvus_client:Created new connection using: 6c6bcf55f17d49fb8813345f2792f83f
INFO:sentence_transformers.SentenceTransformer:Load pretrained SentenceTransformer: intfloat/e5-large-v2
INFO:sentence_transformers.SentenceTransformer:Use pytorch device_name: cuda
INFO:example:Document README.md ingested successfully

